2025-10-07 16:38:41 [ERROR]: Failed to start bot {"error":"Cannot read properties of undefined (reading 'port')"}
TypeError: Cannot read properties of undefined (reading 'port')
    at HealthCheckServer.start (C:\Users\chelo\Desktop\BOT MU GP\Ultimo BOT\utils\healthCheck.js:28:47)
    at start (C:\Users\chelo\Desktop\BOT MU GP\Ultimo BOT\index.js:98:21)
    at process.processTicksAndRejections (node:internal/process/task_queues:105:5)
2025-10-07 16:54:44 [ERROR]: Uncaught exception {"error":"Cannot read properties of undefined (reading 'metricsToken')"}
TypeError: Cannot read properties of undefined (reading 'metricsToken')
    at HealthCheckServer.handleSecureMetrics (C:\Users\chelo\Desktop\BOT MU GP\Ultimo BOT\utils\healthCheck.js:80:46)
    at Server.<anonymous> (C:\Users\chelo\Desktop\BOT MU GP\Ultimo BOT\utils\healthCheck.js:41:22)
    at Server.emit (node:events:518:28)
    at parserOnIncoming (node:_http_server:1153:12)
    at HTTPParser.parserOnHeadersComplete (node:_http_common:117:17)
2025-10-07 16:54:44 [ERROR]: Error tracked: uncaught_exception {"error":"Cannot read properties of undefined (reading 'metricsToken')"}
TypeError: Cannot read properties of undefined (reading 'metricsToken')
    at HealthCheckServer.handleSecureMetrics (C:\Users\chelo\Desktop\BOT MU GP\Ultimo BOT\utils\healthCheck.js:80:46)
    at Server.<anonymous> (C:\Users\chelo\Desktop\BOT MU GP\Ultimo BOT\utils\healthCheck.js:41:22)
    at Server.emit (node:events:518:28)
    at parserOnIncoming (node:_http_server:1153:12)
    at HTTPParser.parserOnHeadersComplete (node:_http_common:117:17)
2025-10-07 20:43:06 [ERROR]: Discord client error {"error":"botConfig is not defined"}
ReferenceError: botConfig is not defined
    at Object.execute (C:\Users\chelo\Desktop\BOT MU GP\Ultimo BOT\events\ready.js:10:34)
    at Client.<anonymous> (C:\Users\chelo\Desktop\BOT MU GP\Ultimo BOT\index.js:26:52)
    at Object.onceWrapper (node:events:633:26)
    at Client.emit (node:events:518:28)
    at WebSocketManager.triggerClientReady (C:\Users\chelo\Desktop\BOT MU GP\Ultimo BOT\node_modules\discord.js\src\client\websocket\WebSocketManager.js:401:17)
    at WebSocketManager.checkShardsReady (C:\Users\chelo\Desktop\BOT MU GP\Ultimo BOT\node_modules\discord.js\src\client\websocket\WebSocketManager.js:368:10)
    at WebSocketShard.<anonymous> (C:\Users\chelo\Desktop\BOT MU GP\Ultimo BOT\node_modules\discord.js\src\client\websocket\WebSocketManager.js:198:16)
    at WebSocketShard.emit (node:events:518:28)
    at WebSocketShard.checkReady (C:\Users\chelo\Desktop\BOT MU GP\Ultimo BOT\node_modules\discord.js\src\client\websocket\WebSocketShard.js:184:12)
    at WebSocketShard.gotGuild (C:\Users\chelo\Desktop\BOT MU GP\Ultimo BOT\node_modules\discord.js\src\client\websocket\WebSocketShard.js:158:10)
2025-10-07 20:43:06 [ERROR]: Error tracked: client_error {"error":"botConfig is not defined"}
ReferenceError: botConfig is not defined
    at Object.execute (C:\Users\chelo\Desktop\BOT MU GP\Ultimo BOT\events\ready.js:10:34)
    at Client.<anonymous> (C:\Users\chelo\Desktop\BOT MU GP\Ultimo BOT\index.js:26:52)
    at Object.onceWrapper (node:events:633:26)
    at Client.emit (node:events:518:28)
    at WebSocketManager.triggerClientReady (C:\Users\chelo\Desktop\BOT MU GP\Ultimo BOT\node_modules\discord.js\src\client\websocket\WebSocketManager.js:401:17)
    at WebSocketManager.checkShardsReady (C:\Users\chelo\Desktop\BOT MU GP\Ultimo BOT\node_modules\discord.js\src\client\websocket\WebSocketManager.js:368:10)
    at WebSocketShard.<anonymous> (C:\Users\chelo\Desktop\BOT MU GP\Ultimo BOT\node_modules\discord.js\src\client\websocket\WebSocketManager.js:198:16)
    at WebSocketShard.emit (node:events:518:28)
    at WebSocketShard.checkReady (C:\Users\chelo\Desktop\BOT MU GP\Ultimo BOT\node_modules\discord.js\src\client\websocket\WebSocketShard.js:184:12)
    at WebSocketShard.gotGuild (C:\Users\chelo\Desktop\BOT MU GP\Ultimo BOT\node_modules\discord.js\src\client\websocket\WebSocketShard.js:158:10)
2025-10-07 20:46:35 [ERROR]: Discord client error {"error":"HealthChecker is not defined"}
ReferenceError: HealthChecker is not defined
    at Object.execute (C:\Users\chelo\Desktop\BOT MU GP\Ultimo BOT\events\ready.js:16:31)
    at Client.<anonymous> (C:\Users\chelo\Desktop\BOT MU GP\Ultimo BOT\index.js:26:52)
    at Object.onceWrapper (node:events:633:26)
    at Client.emit (node:events:518:28)
    at WebSocketManager.triggerClientReady (C:\Users\chelo\Desktop\BOT MU GP\Ultimo BOT\node_modules\discord.js\src\client\websocket\WebSocketManager.js:401:17)
    at WebSocketManager.checkShardsReady (C:\Users\chelo\Desktop\BOT MU GP\Ultimo BOT\node_modules\discord.js\src\client\websocket\WebSocketManager.js:368:10)
    at WebSocketShard.<anonymous> (C:\Users\chelo\Desktop\BOT MU GP\Ultimo BOT\node_modules\discord.js\src\client\websocket\WebSocketManager.js:198:16)
    at WebSocketShard.emit (node:events:518:28)
    at WebSocketShard.checkReady (C:\Users\chelo\Desktop\BOT MU GP\Ultimo BOT\node_modules\discord.js\src\client\websocket\WebSocketShard.js:184:12)
    at WebSocketShard.gotGuild (C:\Users\chelo\Desktop\BOT MU GP\Ultimo BOT\node_modules\discord.js\src\client\websocket\WebSocketShard.js:158:10)
2025-10-07 20:46:35 [ERROR]: Error tracked: client_error {"error":"HealthChecker is not defined"}
ReferenceError: HealthChecker is not defined
    at Object.execute (C:\Users\chelo\Desktop\BOT MU GP\Ultimo BOT\events\ready.js:16:31)
    at Client.<anonymous> (C:\Users\chelo\Desktop\BOT MU GP\Ultimo BOT\index.js:26:52)
    at Object.onceWrapper (node:events:633:26)
    at Client.emit (node:events:518:28)
    at WebSocketManager.triggerClientReady (C:\Users\chelo\Desktop\BOT MU GP\Ultimo BOT\node_modules\discord.js\src\client\websocket\WebSocketManager.js:401:17)
    at WebSocketManager.checkShardsReady (C:\Users\chelo\Desktop\BOT MU GP\Ultimo BOT\node_modules\discord.js\src\client\websocket\WebSocketManager.js:368:10)
    at WebSocketShard.<anonymous> (C:\Users\chelo\Desktop\BOT MU GP\Ultimo BOT\node_modules\discord.js\src\client\websocket\WebSocketManager.js:198:16)
    at WebSocketShard.emit (node:events:518:28)
    at WebSocketShard.checkReady (C:\Users\chelo\Desktop\BOT MU GP\Ultimo BOT\node_modules\discord.js\src\client\websocket\WebSocketShard.js:184:12)
    at WebSocketShard.gotGuild (C:\Users\chelo\Desktop\BOT MU GP\Ultimo BOT\node_modules\discord.js\src\client\websocket\WebSocketShard.js:158:10)
2025-10-07 20:59:44 [ERROR]: Error tracked: handle_direction {"error":"Cannot read properties of undefined (reading 'misses')"}
TypeError: Cannot read properties of undefined (reading 'misses')
    at MetricsCollector.increment (C:\Users\chelo\Desktop\BOT MU GP\Ultimo BOT\utils\metrics.js:53:40)
    at loadCollage (C:\Users\chelo\Desktop\BOT MU GP\Ultimo BOT\modules\mazehelper.js:89:13)
    at Object.handleDirection (C:\Users\chelo\Desktop\BOT MU GP\Ultimo BOT\modules\mazehelper.js:132:22)
    at Object.handleButton (C:\Users\chelo\Desktop\BOT MU GP\Ultimo BOT\handlers\buttonHandlers.js:95:30)
    at Object.execute (C:\Users\chelo\Desktop\BOT MU GP\Ultimo BOT\events\interactionCreate.js:13:38)
    at Client.<anonymous> (C:\Users\chelo\Desktop\BOT MU GP\Ultimo BOT\index.js:28:50)
    at Client.emit (node:events:518:28)
    at InteractionCreateAction.handle (C:\Users\chelo\Desktop\BOT MU GP\Ultimo BOT\node_modules\discord.js\src\client\actions\InteractionCreate.js:101:12)
    at module.exports [as INTERACTION_CREATE] (C:\Users\chelo\Desktop\BOT MU GP\Ultimo BOT\node_modules\discord.js\src\client\websocket\handlers\INTERACTION_CREATE.js:4:36)
    at WebSocketManager.handlePacket (C:\Users\chelo\Desktop\BOT MU GP\Ultimo BOT\node_modules\discord.js\src\client\websocket\WebSocketManager.js:352:31)
2025-10-07 20:59:44 [ERROR]: Error in handleDirection {"error":"Cannot read properties of undefined (reading 'misses')"}
TypeError: Cannot read properties of undefined (reading 'misses')
    at MetricsCollector.increment (C:\Users\chelo\Desktop\BOT MU GP\Ultimo BOT\utils\metrics.js:53:40)
    at loadCollage (C:\Users\chelo\Desktop\BOT MU GP\Ultimo BOT\modules\mazehelper.js:89:13)
    at Object.handleDirection (C:\Users\chelo\Desktop\BOT MU GP\Ultimo BOT\modules\mazehelper.js:132:22)
    at Object.handleButton (C:\Users\chelo\Desktop\BOT MU GP\Ultimo BOT\handlers\buttonHandlers.js:95:30)
    at Object.execute (C:\Users\chelo\Desktop\BOT MU GP\Ultimo BOT\events\interactionCreate.js:13:38)
    at Client.<anonymous> (C:\Users\chelo\Desktop\BOT MU GP\Ultimo BOT\index.js:28:50)
    at Client.emit (node:events:518:28)
    at InteractionCreateAction.handle (C:\Users\chelo\Desktop\BOT MU GP\Ultimo BOT\node_modules\discord.js\src\client\actions\InteractionCreate.js:101:12)
    at module.exports [as INTERACTION_CREATE] (C:\Users\chelo\Desktop\BOT MU GP\Ultimo BOT\node_modules\discord.js\src\client\websocket\handlers\INTERACTION_CREATE.js:4:36)
    at WebSocketManager.handlePacket (C:\Users\chelo\Desktop\BOT MU GP\Ultimo BOT\node_modules\discord.js\src\client\websocket\WebSocketManager.js:352:31)
2025-10-07 21:01:17 [ERROR]: Error tracked: handle_direction {"error":"Cannot read properties of undefined (reading 'hits')"}
TypeError: Cannot read properties of undefined (reading 'hits')
    at MetricsCollector.increment (C:\Users\chelo\Desktop\BOT MU GP\Ultimo BOT\utils\metrics.js:53:40)
    at loadCollage (C:\Users\chelo\Desktop\BOT MU GP\Ultimo BOT\modules\mazehelper.js:76:17)
    at Object.handleDirection (C:\Users\chelo\Desktop\BOT MU GP\Ultimo BOT\modules\mazehelper.js:132:22)
    at Object.handleButton (C:\Users\chelo\Desktop\BOT MU GP\Ultimo BOT\handlers\buttonHandlers.js:95:30)
    at Object.execute (C:\Users\chelo\Desktop\BOT MU GP\Ultimo BOT\events\interactionCreate.js:13:38)
    at Client.<anonymous> (C:\Users\chelo\Desktop\BOT MU GP\Ultimo BOT\index.js:28:50)
    at Client.emit (node:events:518:28)
    at InteractionCreateAction.handle (C:\Users\chelo\Desktop\BOT MU GP\Ultimo BOT\node_modules\discord.js\src\client\actions\InteractionCreate.js:101:12)
    at module.exports [as INTERACTION_CREATE] (C:\Users\chelo\Desktop\BOT MU GP\Ultimo BOT\node_modules\discord.js\src\client\websocket\handlers\INTERACTION_CREATE.js:4:36)
    at WebSocketManager.handlePacket (C:\Users\chelo\Desktop\BOT MU GP\Ultimo BOT\node_modules\discord.js\src\client\websocket\WebSocketManager.js:352:31)
2025-10-07 21:01:17 [ERROR]: Error in handleDirection {"error":"Cannot read properties of undefined (reading 'hits')"}
TypeError: Cannot read properties of undefined (reading 'hits')
    at MetricsCollector.increment (C:\Users\chelo\Desktop\BOT MU GP\Ultimo BOT\utils\metrics.js:53:40)
    at loadCollage (C:\Users\chelo\Desktop\BOT MU GP\Ultimo BOT\modules\mazehelper.js:76:17)
    at Object.handleDirection (C:\Users\chelo\Desktop\BOT MU GP\Ultimo BOT\modules\mazehelper.js:132:22)
    at Object.handleButton (C:\Users\chelo\Desktop\BOT MU GP\Ultimo BOT\handlers\buttonHandlers.js:95:30)
    at Object.execute (C:\Users\chelo\Desktop\BOT MU GP\Ultimo BOT\events\interactionCreate.js:13:38)
    at Client.<anonymous> (C:\Users\chelo\Desktop\BOT MU GP\Ultimo BOT\index.js:28:50)
    at Client.emit (node:events:518:28)
    at InteractionCreateAction.handle (C:\Users\chelo\Desktop\BOT MU GP\Ultimo BOT\node_modules\discord.js\src\client\actions\InteractionCreate.js:101:12)
    at module.exports [as INTERACTION_CREATE] (C:\Users\chelo\Desktop\BOT MU GP\Ultimo BOT\node_modules\discord.js\src\client\websocket\handlers\INTERACTION_CREATE.js:4:36)
    at WebSocketManager.handlePacket (C:\Users\chelo\Desktop\BOT MU GP\Ultimo BOT\node_modules\discord.js\src\client\websocket\WebSocketManager.js:352:31)
2025-10-07 21:01:31 [ERROR]: Error tracked: handle_direction {"error":"Cannot read properties of undefined (reading 'misses')"}
TypeError: Cannot read properties of undefined (reading 'misses')
    at MetricsCollector.increment (C:\Users\chelo\Desktop\BOT MU GP\Ultimo BOT\utils\metrics.js:53:40)
    at loadCollage (C:\Users\chelo\Desktop\BOT MU GP\Ultimo BOT\modules\mazehelper.js:89:13)
    at Object.handleDirection (C:\Users\chelo\Desktop\BOT MU GP\Ultimo BOT\modules\mazehelper.js:132:22)
    at Object.handleButton (C:\Users\chelo\Desktop\BOT MU GP\Ultimo BOT\handlers\buttonHandlers.js:95:30)
    at Object.execute (C:\Users\chelo\Desktop\BOT MU GP\Ultimo BOT\events\interactionCreate.js:13:38)
    at Client.<anonymous> (C:\Users\chelo\Desktop\BOT MU GP\Ultimo BOT\index.js:28:50)
    at Client.emit (node:events:518:28)
    at InteractionCreateAction.handle (C:\Users\chelo\Desktop\BOT MU GP\Ultimo BOT\node_modules\discord.js\src\client\actions\InteractionCreate.js:101:12)
    at module.exports [as INTERACTION_CREATE] (C:\Users\chelo\Desktop\BOT MU GP\Ultimo BOT\node_modules\discord.js\src\client\websocket\handlers\INTERACTION_CREATE.js:4:36)
    at WebSocketManager.handlePacket (C:\Users\chelo\Desktop\BOT MU GP\Ultimo BOT\node_modules\discord.js\src\client\websocket\WebSocketManager.js:352:31)
2025-10-07 21:01:31 [ERROR]: Error in handleDirection {"error":"Cannot read properties of undefined (reading 'misses')"}
TypeError: Cannot read properties of undefined (reading 'misses')
    at MetricsCollector.increment (C:\Users\chelo\Desktop\BOT MU GP\Ultimo BOT\utils\metrics.js:53:40)
    at loadCollage (C:\Users\chelo\Desktop\BOT MU GP\Ultimo BOT\modules\mazehelper.js:89:13)
    at Object.handleDirection (C:\Users\chelo\Desktop\BOT MU GP\Ultimo BOT\modules\mazehelper.js:132:22)
    at Object.handleButton (C:\Users\chelo\Desktop\BOT MU GP\Ultimo BOT\handlers\buttonHandlers.js:95:30)
    at Object.execute (C:\Users\chelo\Desktop\BOT MU GP\Ultimo BOT\events\interactionCreate.js:13:38)
    at Client.<anonymous> (C:\Users\chelo\Desktop\BOT MU GP\Ultimo BOT\index.js:28:50)
    at Client.emit (node:events:518:28)
    at InteractionCreateAction.handle (C:\Users\chelo\Desktop\BOT MU GP\Ultimo BOT\node_modules\discord.js\src\client\actions\InteractionCreate.js:101:12)
    at module.exports [as INTERACTION_CREATE] (C:\Users\chelo\Desktop\BOT MU GP\Ultimo BOT\node_modules\discord.js\src\client\websocket\handlers\INTERACTION_CREATE.js:4:36)
    at WebSocketManager.handlePacket (C:\Users\chelo\Desktop\BOT MU GP\Ultimo BOT\node_modules\discord.js\src\client\websocket\WebSocketManager.js:352:31)
2025-10-07 21:02:44 [ERROR]: Error tracked: handle_direction {"error":"Cannot read properties of undefined (reading 'hits')"}
TypeError: Cannot read properties of undefined (reading 'hits')
    at MetricsCollector.increment (C:\Users\chelo\Desktop\BOT MU GP\Ultimo BOT\utils\metrics.js:53:40)
    at loadCollage (C:\Users\chelo\Desktop\BOT MU GP\Ultimo BOT\modules\mazehelper.js:76:17)
    at Object.handleDirection (C:\Users\chelo\Desktop\BOT MU GP\Ultimo BOT\modules\mazehelper.js:132:22)
    at Object.handleButton (C:\Users\chelo\Desktop\BOT MU GP\Ultimo BOT\handlers\buttonHandlers.js:95:30)
    at Object.execute (C:\Users\chelo\Desktop\BOT MU GP\Ultimo BOT\events\interactionCreate.js:13:38)
    at Client.<anonymous> (C:\Users\chelo\Desktop\BOT MU GP\Ultimo BOT\index.js:28:50)
    at Client.emit (node:events:518:28)
    at InteractionCreateAction.handle (C:\Users\chelo\Desktop\BOT MU GP\Ultimo BOT\node_modules\discord.js\src\client\actions\InteractionCreate.js:101:12)
    at module.exports [as INTERACTION_CREATE] (C:\Users\chelo\Desktop\BOT MU GP\Ultimo BOT\node_modules\discord.js\src\client\websocket\handlers\INTERACTION_CREATE.js:4:36)
    at WebSocketManager.handlePacket (C:\Users\chelo\Desktop\BOT MU GP\Ultimo BOT\node_modules\discord.js\src\client\websocket\WebSocketManager.js:352:31)
2025-10-07 21:02:44 [ERROR]: Error in handleDirection {"error":"Cannot read properties of undefined (reading 'hits')"}
TypeError: Cannot read properties of undefined (reading 'hits')
    at MetricsCollector.increment (C:\Users\chelo\Desktop\BOT MU GP\Ultimo BOT\utils\metrics.js:53:40)
    at loadCollage (C:\Users\chelo\Desktop\BOT MU GP\Ultimo BOT\modules\mazehelper.js:76:17)
    at Object.handleDirection (C:\Users\chelo\Desktop\BOT MU GP\Ultimo BOT\modules\mazehelper.js:132:22)
    at Object.handleButton (C:\Users\chelo\Desktop\BOT MU GP\Ultimo BOT\handlers\buttonHandlers.js:95:30)
    at Object.execute (C:\Users\chelo\Desktop\BOT MU GP\Ultimo BOT\events\interactionCreate.js:13:38)
    at Client.<anonymous> (C:\Users\chelo\Desktop\BOT MU GP\Ultimo BOT\index.js:28:50)
    at Client.emit (node:events:518:28)
    at InteractionCreateAction.handle (C:\Users\chelo\Desktop\BOT MU GP\Ultimo BOT\node_modules\discord.js\src\client\actions\InteractionCreate.js:101:12)
    at module.exports [as INTERACTION_CREATE] (C:\Users\chelo\Desktop\BOT MU GP\Ultimo BOT\node_modules\discord.js\src\client\websocket\handlers\INTERACTION_CREATE.js:4:36)
    at WebSocketManager.handlePacket (C:\Users\chelo\Desktop\BOT MU GP\Ultimo BOT\node_modules\discord.js\src\client\websocket\WebSocketManager.js:352:31)
